
> frontend@0.1.0 dev
> next dev

▲ Next.js 16.2.4 (Turbopack)
- Local:         http://localhost:3000
- Network:       http://192.168.100.36:3000
✓ Ready in 469ms
Creating turbopack project {
  dir: 'C:\\Users\\User\\Desktop\\bitcoin-prediction\\frontend',
  testMode: true
}

 GET / 200 in 777ms (next.js: 180ms, application-code: 596ms)
 GET / 200 in 153ms (next.js: 16ms, application-code: 136ms)
✓ Compiled in 203ms
 GET / 200 in 439ms (next.js: 368ms, application-code: 71ms)
✓ Compiled in 48ms
 GET / 200 in 97ms (next.js: 60ms, application-code: 37ms)
✓ Compiled in 40ms
 GET / 200 in 105ms (next.js: 56ms, application-code: 49ms)
✓ Compiled in 61ms
 GET / 200 in 84ms (next.js: 58ms, application-code: 26ms)
 GET / 200 in 135ms (next.js: 61ms, application-code: 74ms)
 GET / 200 in 47ms (next.js: 4ms, application-code: 43ms)
✓ Compiled in 41ms
 GET / 200 in 107ms (next.js: 58ms, application-code: 50ms)
✓ Compiled in 64ms
 GET / 200 in 130ms (next.js: 88ms, application-code: 42ms)
 GET / 200 in 523ms (next.js: 6ms, application-code: 517ms)
✓ Compiled in 468ms
 GET / 200 in 913ms (next.js: 369ms, application-code: 544ms)
 GET / 200 in 361ms (next.js: 32ms, application-code: 329ms)
 GET / 200 in 578ms (next.js: 4ms, application-code: 574ms)
✓ Compiled in 37ms
 GET / 200 in 120ms (next.js: 66ms, application-code: 53ms)
 GET / 200 in 25ms (next.js: 3ms, application-code: 22ms)
✓ Compiled in 44ms
 GET / 200 in 180ms (next.js: 59ms, application-code: 122ms)
 GET / 200 in 84ms (next.js: 10ms, application-code: 74ms)
✓ Compiled in 55ms
 GET / 200 in 203ms (next.js: 93ms, application-code: 110ms)
 GET / 200 in 55ms (next.js: 5ms, application-code: 50ms)
✓ Compiled in 41ms
 GET / 200 in 153ms (next.js: 90ms, application-code: 63ms)
 GET / 200 in 29ms (next.js: 3ms, application-code: 26ms)
✓ Compiled in 39ms
 GET / 200 in 121ms (next.js: 57ms, application-code: 64ms)
 GET / 200 in 31ms (next.js: 4ms, application-code: 27ms)
✓ Compiled in 35ms
 GET / 200 in 118ms (next.js: 64ms, application-code: 54ms)
 GET / 200 in 34ms (next.js: 3ms, application-code: 31ms)
✓ Compiled in 38ms
 GET / 200 in 190ms (next.js: 59ms, application-code: 130ms)
 GET / 200 in 106ms (next.js: 5ms, application-code: 101ms)
 GET / 200 in 824ms (next.js: 6ms, application-code: 819ms)
✓ Compiled in 260ms
 GET / 200 in 556ms (next.js: 253ms, application-code: 303ms)
 GET / 200 in 187ms (next.js: 24ms, application-code: 163ms)
 GET / 200 in 503ms (next.js: 6ms, application-code: 497ms)
✓ Compiled in 58ms
✓ Compiled in 56ms
 GET / 200 in 606ms (next.js: 139ms, application-code: 467ms)
 GET / 200 in 387ms (next.js: 116ms, application-code: 271ms)
 GET / 200 in 239ms (next.js: 7ms, application-code: 232ms)
 GET / 200 in 240ms (next.js: 40ms, application-code: 200ms)
 GET / 200 in 241ms (next.js: 64ms, application-code: 177ms)
 GET / 200 in 284ms (next.js: 111ms, application-code: 172ms)
 GET / 200 in 161ms (next.js: 9ms, application-code: 152ms)
 GET / 200 in 104ms (next.js: 11ms, application-code: 93ms)
 GET / 200 in 51ms (next.js: 6ms, application-code: 45ms)
✓ Compiled in 66ms
✓ Compiled in 81ms
✓ Compiled in 46ms
 GET / 200 in 534ms (next.js: 170ms, application-code: 364ms)
 GET / 200 in 299ms (next.js: 7ms, application-code: 292ms)
 GET / 200 in 356ms (next.js: 22ms, application-code: 333ms)
 GET / 200 in 358ms (next.js: 76ms, application-code: 282ms)
 GET / 200 in 359ms (next.js: 112ms, application-code: 247ms)
 GET / 200 in 365ms (next.js: 152ms, application-code: 213ms)
 GET / 200 in 217ms (next.js: 9ms, application-code: 208ms)
 GET / 200 in 160ms (next.js: 8ms, application-code: 153ms)
 GET / 200 in 79ms (next.js: 27ms, application-code: 52ms)
 GET / 200 in 1041ms (next.js: 13ms, application-code: 1028ms)
